==32583== Memcheck, a memory error detector
==32583== Copyright (C) 2002-2011, and GNU GPL'd, by Julian Seward et al.
==32583== Using Valgrind-3.7.0 and LibVEX; rerun with -h for copyright info
==32583== Command: ./main 3 984
==32583== Parent PID: 32582
==32583== 
--32583-- 
--32583-- Valgrind options:
--32583--    --suppressions=/usr/lib/valgrind/debian-libc6-dbg.supp
--32583--    -v
--32583--    --leak-check=full
--32583--    --show-reachable=yes
--32583--    --log-file=valgrind.log
--32583--    --track-origins=yes
--32583-- Contents of /proc/version:
--32583--   Linux version 3.2.0-64-generic (buildd@kissel) (gcc version 4.6.3 (Ubuntu/Linaro 4.6.3-1ubuntu5) ) #97-Ubuntu SMP Wed Jun 4 22:04:21 UTC 2014
--32583-- Arch and hwcaps: AMD64, amd64-sse3-cx16
--32583-- Page sizes: currently 4096, max supported 4096
--32583-- Valgrind library directory: /usr/lib/valgrind
--32583-- Reading syms from /local/yyang/workspace/github/writeamp/main (0x400000)
--32583-- Reading syms from /lib/x86_64-linux-gnu/ld-2.15.so (0x4000000)
--32583--   Considering /lib/x86_64-linux-gnu/ld-2.15.so ..
--32583--   .. CRC mismatch (computed 5dfd6448 wanted 0e0290cc)
--32583--   Considering /usr/lib/debug/lib/x86_64-linux-gnu/ld-2.15.so ..
--32583--   .. CRC is valid
--32583-- Reading syms from /usr/lib/valgrind/memcheck-amd64-linux (0x38000000)
--32583--   Considering /usr/lib/valgrind/memcheck-amd64-linux ..
--32583--   .. CRC mismatch (computed fd32bc40 wanted 1b1bde8c)
--32583--    object doesn't have a symbol table
--32583--    object doesn't have a dynamic symbol table
--32583-- Reading suppressions file: /usr/lib/valgrind/debian-libc6-dbg.supp
--32583-- Reading suppressions file: /usr/lib/valgrind/default.supp
==32583== embedded gdbserver: reading from /tmp/vgdb-pipe-from-vgdb-to-32583-by-yyang-on-???
==32583== embedded gdbserver: writing to   /tmp/vgdb-pipe-to-vgdb-from-32583-by-yyang-on-???
==32583== embedded gdbserver: shared mem   /tmp/vgdb-pipe-shared-mem-vgdb-32583-by-yyang-on-???
==32583== 
==32583== TO CONTROL THIS PROCESS USING vgdb (which you probably
==32583== don't want to do, unless you know exactly what you're doing,
==32583== or are doing some strange experiment):
==32583==   /usr/lib/valgrind/../../bin/vgdb --pid=32583 ...command...
==32583== 
==32583== TO DEBUG THIS PROCESS USING GDB: start GDB like this
==32583==   /path/to/gdb ./main
==32583== and then give GDB the following command
==32583==   target remote | /usr/lib/valgrind/../../bin/vgdb --pid=32583
==32583== --pid is optional if only one valgrind process is running
==32583== 
--32583-- REDIR: 0x40189e0 (strlen) redirected to 0x380625c7 (???)
--32583-- Reading syms from /usr/lib/valgrind/vgpreload_core-amd64-linux.so (0x4a25000)
--32583--   Considering /usr/lib/valgrind/vgpreload_core-amd64-linux.so ..
--32583--   .. CRC mismatch (computed 8f05ac98 wanted c6d0ab1a)
--32583--    object doesn't have a symbol table
--32583-- Reading syms from /usr/lib/valgrind/vgpreload_memcheck-amd64-linux.so (0x4c27000)
--32583--   Considering /usr/lib/valgrind/vgpreload_memcheck-amd64-linux.so ..
--32583--   .. CRC mismatch (computed fc059af4 wanted ffc668e8)
--32583--    object doesn't have a symbol table
--32583-- REDIR: 0x4018850 (index) redirected to 0x4c2bc60 (index)
--32583-- REDIR: 0x40188d0 (strcmp) redirected to 0x4c2cc20 (strcmp)
--32583-- Reading syms from /lib/x86_64-linux-gnu/libm-2.15.so (0x4e32000)
--32583--   Considering /lib/x86_64-linux-gnu/libm-2.15.so ..
--32583--   .. CRC mismatch (computed e81d4037 wanted fad28d48)
--32583--   Considering /usr/lib/debug/lib/x86_64-linux-gnu/libm-2.15.so ..
--32583--   .. CRC is valid
--32583-- Reading syms from /lib/x86_64-linux-gnu/libc-2.15.so (0x512e000)
--32583--   Considering /lib/x86_64-linux-gnu/libc-2.15.so ..
--32583--   .. CRC mismatch (computed 98e5021f wanted 922562f5)
--32583--   Considering /usr/lib/debug/lib/x86_64-linux-gnu/libc-2.15.so ..
--32583--   .. CRC is valid
--32583-- REDIR: 0x51bab70 (strcasecmp) redirected to 0x4a25610 (_vgnU_ifunc_wrapper)
--32583-- REDIR: 0x51b6f10 (strnlen) redirected to 0x4a25610 (_vgnU_ifunc_wrapper)
--32583-- REDIR: 0x51bce40 (strncasecmp) redirected to 0x4a25610 (_vgnU_ifunc_wrapper)
--32583-- REDIR: 0x51b8900 (__GI_strrchr) redirected to 0x4c2ba80 (__GI_strrchr)
--32583-- REDIR: 0x51b6de0 (strlen) redirected to 0x4a25610 (_vgnU_ifunc_wrapper)
--32583-- REDIR: 0x5291200 (__strlen_sse2_pminub) redirected to 0x4c2bfa0 (strlen)
--32583-- REDIR: 0x51b0c20 (malloc) redirected to 0x4c2b660 (malloc)
--32583-- REDIR: 0x51b1230 (free) redirected to 0x4c2a7c0 (free)
--32583-- REDIR: 0x51b6e30 (__GI_strlen) redirected to 0x4c2bfc0 (__GI_strlen)
--32583-- REDIR: 0x51c0a40 (strchrnul) redirected to 0x4c2e3b0 (strchrnul)
--32583-- REDIR: 0x51b6780 (strcpy) redirected to 0x4a25610 (_vgnU_ifunc_wrapper)
--32583-- REDIR: 0x51c4d10 (__strcpy_sse2_unaligned) redirected to 0x4c2bfe0 (strcpy)
--32583-- REDIR: 0x51b9330 (bcmp) redirected to 0x4a25610 (_vgnU_ifunc_wrapper)
--32583-- REDIR: 0x528bb30 (__memcmp_sse4_1) redirected to 0x4c2dca0 (bcmp)
==32583== 
==32583== HEAP SUMMARY:
==32583==     in use at exit: 0 bytes in 0 blocks
==32583==   total heap usage: 1,003 allocs, 1,003 frees, 48,516 bytes allocated
==32583== 
==32583== All heap blocks were freed -- no leaks are possible
==32583== 
==32583== ERROR SUMMARY: 0 errors from 0 contexts (suppressed: 2 from 2)
--32583-- 
--32583-- used_suppression:      2 dl-hack3-cond-1
==32583== 
==32583== ERROR SUMMARY: 0 errors from 0 contexts (suppressed: 2 from 2)
